{
  "stats": {
    "suites": 6,
    "tests": 8,
    "passes": 7,
    "pending": 0,
    "failures": 1,
    "testsRegistered": 8,
    "passPercent": 87.5,
    "pendingPercent": 0,
    "other": 0,
    "hasOther": false,
    "skipped": 0,
    "hasSkipped": false,
    "start": "2024-10-18T20:57:25.028Z",
    "end": "2024-10-18T21:02:54.448Z",
    "duration": 329420
  },
  "results": [
    {
      "uuid": "9bf907ce-88f2-48f3-9c81-e33b7ad05d1b",
      "title": "",
      "fullFile": "cypress\\TestMochaAccounts\\mochaForgotPasswword.specs.js",
      "file": "cypress\\TestMochaAccounts\\mochaForgotPasswword.specs.js",
      "beforeHooks": [],
      "afterHooks": [],
      "tests": [],
      "suites": [
        {
          "uuid": "3be1ecee-27f5-4f5a-96f8-860b508f6406",
          "title": "Mocha Forget Password",
          "fullFile": "",
          "file": "",
          "beforeHooks": [],
          "afterHooks": [],
          "tests": [
            {
              "title": "Forgot password screen",
              "fullTitle": "Mocha Forget Password Forgot password screen",
              "timedOut": null,
              "duration": 70144,
              "state": "passed",
              "speed": "slow",
              "pass": true,
              "fail": false,
              "pending": false,
              "context": "{\n  \"title\": \"cypress-mochawesome-reporter-videos-passed\",\n  \"value\": \"cypress\\\\TestMochaAccounts\\\\mochaForgotPasswword.specs.js\"\n}",
              "code": "cy.fixture(\"forgotpasswordemails.json\").then(function (data) {\n  globalThis.emaildata = data;\n  console.log(emaildata.email);\n  cy.visit('');\n  login.loginbutton().click();\n  forpwd.forgotpasswordnav().click();\n  forpwd.entermail().type(emaildata.email);\n  cy.wait(10000);\n  forpwd.clickSubmit().click();\n  cy.wait(30000);\n});",
              "err": {},
              "uuid": "b0d60a2f-7ba0-44ef-bed2-f3d562953768",
              "parentUUID": "3be1ecee-27f5-4f5a-96f8-860b508f6406",
              "isHook": false,
              "skipped": false
            },
            {
              "title": "Gets Password Reset email from Mailosaur",
              "fullTitle": "Mocha Forget Password Gets Password Reset email from Mailosaur",
              "timedOut": null,
              "duration": 6731,
              "state": "passed",
              "speed": "medium",
              "pass": true,
              "fail": false,
              "pending": false,
              "context": "{\n  \"title\": \"cypress-mochawesome-reporter-videos-passed\",\n  \"value\": \"cypress\\\\TestMochaAccounts\\\\mochaForgotPasswword.specs.js\"\n}",
              "code": "const serverId = 'vmsjdi6i';\nconsole.log(emaildata.email);\ncy.mailosaurSearchMessages(serverId, {\n  sentTo: emaildata.email\n}).then(email => {\n  console.log(email.items[0]);\n  cy.mailosaurGetMessage(serverId, {\n    sentTo: emaildata.email\n  }).then(email => {\n    console.log(emaildata.email);\n    expect(email.subject).to.contain(\"Here's your PIN \");\n    const otp = email.html.codes[0].value;\n    console.log(otp);\n    forpwd.enterVerificationCode().type(otp);\n    forpwd.clickVerify().click();\n    forpwd.enterNewPassword().type('Mocha@4321');\n    forpwd.enterConfirmPassword().type('Mocha@4321');\n    forpwd.clickSubmit2().click();\n    cy.log('Password reset successfull');\n  });\n});",
              "err": {},
              "uuid": "fa37a760-c33c-48f0-8103-77ba086620ff",
              "parentUUID": "3be1ecee-27f5-4f5a-96f8-860b508f6406",
              "isHook": false,
              "skipped": false
            }
          ],
          "suites": [],
          "passes": [
            "b0d60a2f-7ba0-44ef-bed2-f3d562953768",
            "fa37a760-c33c-48f0-8103-77ba086620ff"
          ],
          "failures": [],
          "pending": [],
          "skipped": [],
          "duration": 76875,
          "root": false,
          "rootEmpty": false,
          "_timeout": 2000
        }
      ],
      "passes": [],
      "failures": [],
      "pending": [],
      "skipped": [],
      "duration": 0,
      "root": true,
      "rootEmpty": true,
      "_timeout": 2000
    },
    {
      "uuid": "d0105369-d8cf-4edb-83fd-ce7f76894e22",
      "title": "",
      "fullFile": "cypress\\TestMochaAccounts\\mochalogin.specs.js",
      "file": "cypress\\TestMochaAccounts\\mochalogin.specs.js",
      "beforeHooks": [],
      "afterHooks": [],
      "tests": [],
      "suites": [
        {
          "uuid": "cc3cb1fe-6e05-40d5-a6de-3bed69a94bbe",
          "title": "Mocha Accounting Login",
          "fullFile": "",
          "file": "",
          "beforeHooks": [],
          "afterHooks": [],
          "tests": [
            {
              "title": "Login with Valid credentials",
              "fullTitle": "Mocha Accounting Login Login with Valid credentials",
              "timedOut": null,
              "duration": 11677,
              "state": "passed",
              "speed": "slow",
              "pass": true,
              "fail": false,
              "pending": false,
              "context": "{\n  \"title\": \"cypress-mochawesome-reporter-videos-passed\",\n  \"value\": \"cypress\\\\TestMochaAccounts\\\\mochalogin.specs.js\"\n}",
              "code": "login.email().type(logindata.email);\nlogin.password().type(logindata.password2);\nlogin.loginenter().click(); // login.logoutbutton().should('be.visible');\ncy.log('User logged in  successfully');",
              "err": {},
              "uuid": "4a82ec41-2f94-4143-b4e2-36e4b49a3f11",
              "parentUUID": "cc3cb1fe-6e05-40d5-a6de-3bed69a94bbe",
              "isHook": false,
              "skipped": false
            }
          ],
          "suites": [],
          "passes": [
            "4a82ec41-2f94-4143-b4e2-36e4b49a3f11"
          ],
          "failures": [],
          "pending": [],
          "skipped": [],
          "duration": 11677,
          "root": false,
          "rootEmpty": false,
          "_timeout": 2000
        }
      ],
      "passes": [],
      "failures": [],
      "pending": [],
      "skipped": [],
      "duration": 0,
      "root": true,
      "rootEmpty": true,
      "_timeout": 2000
    },
    {
      "uuid": "beeeb950-8a11-41c9-aee8-6c4b8a98b12b",
      "title": "",
      "fullFile": "cypress\\TestMochaAccounts\\mochauserRegistration.specs.js",
      "file": "cypress\\TestMochaAccounts\\mochauserRegistration.specs.js",
      "beforeHooks": [],
      "afterHooks": [],
      "tests": [],
      "suites": [
        {
          "uuid": "ab984270-420f-437b-b4b5-5e6dfd8c900c",
          "title": "Mocha User registration",
          "fullFile": "",
          "file": "",
          "beforeHooks": [],
          "afterHooks": [],
          "tests": [
            {
              "title": "Register successfully done",
              "fullTitle": "Mocha User registration Register successfully done",
              "timedOut": null,
              "duration": 86315,
              "state": "passed",
              "speed": "slow",
              "pass": true,
              "fail": false,
              "pending": false,
              "context": "{\n  \"title\": \"cypress-mochawesome-reporter-videos-passed\",\n  \"value\": \"cypress\\\\TestMochaAccounts\\\\mochauserRegistration.specs.js\"\n}",
              "code": "cy.visit('');\nuserreg.registerclick().click();\nuserreg.fullname().type(fullname);\nuserreg.emailaddress().type(emailRandom);\nconsole.log(emailRandom);\nuserreg.phone_number().type(cell_phone);\nuserreg.companyName().type(company);\ncy.wait(500);\nuserreg.password().type(\"Test@1234\");\nuserreg.confirmPassword().type(\"Test@1234\");\nuserreg.AcceptTC().click();\ncy.wait(10000);\nuserreg.signup().click();\ncy.wait(30000);\nuserreg.successfulregistration().should('be.visible');\ncy.wait(30000);",
              "err": {},
              "uuid": "86a78f1b-99db-4909-982e-208cbea63817",
              "parentUUID": "ab984270-420f-437b-b4b5-5e6dfd8c900c",
              "isHook": false,
              "skipped": false
            },
            {
              "title": "Account Activation Email",
              "fullTitle": "Mocha User registration Account Activation Email",
              "timedOut": null,
              "duration": 23426,
              "state": "passed",
              "speed": "slow",
              "pass": true,
              "fail": false,
              "pending": false,
              "context": "{\n  \"title\": \"cypress-mochawesome-reporter-videos-passed\",\n  \"value\": \"cypress\\\\TestMochaAccounts\\\\mochauserRegistration.specs.js\"\n}",
              "code": "const serverId = 'vmsjdi6i';\nconsole.log(emailRandom);\ncy.mailosaurSearchMessages(serverId, {\n  sentTo: emailRandom\n}).then(email => {\n  console.log(email.items[0]);\n  expect(email.items[0].from[0].email).to.contain(\"@mochatechnologies.com\");\n  expect(email.items[0].from[0].email).to.contain(\"sales\");\n  expect(email.items[0].to[0].email).to.contain(emailRandom);\n  expect(email.items[0].subject).to.contain('Verify your email for Mocha Accounting!');\n  console.log(\"Test Pass\");\n  cy.mailosaurGetMessageById(email.items[0].id).then(emailbody => {\n    console.log(emailbody);\n    var accountactlink = emailbody.html.links[1].href;\n    console.log(accountactlink);\n    cy.visit(accountactlink);\n    cy.wait(20000);\n    cy.log('User registered  successfully');\n  });\n});",
              "err": {},
              "uuid": "632bccd2-34a3-4a96-b427-3a3bd07c6b27",
              "parentUUID": "ab984270-420f-437b-b4b5-5e6dfd8c900c",
              "isHook": false,
              "skipped": false
            }
          ],
          "suites": [],
          "passes": [
            "86a78f1b-99db-4909-982e-208cbea63817",
            "632bccd2-34a3-4a96-b427-3a3bd07c6b27"
          ],
          "failures": [],
          "pending": [],
          "skipped": [],
          "duration": 109741,
          "root": false,
          "rootEmpty": false,
          "_timeout": 2000
        }
      ],
      "passes": [],
      "failures": [],
      "pending": [],
      "skipped": [],
      "duration": 0,
      "root": true,
      "rootEmpty": true,
      "_timeout": 2000
    },
    {
      "uuid": "08df4fe6-e02b-43e9-8b56-886f201849f5",
      "title": "",
      "fullFile": "cypress\\TestMochaAccounts\\scheduleademomocha.specs.js",
      "file": "cypress\\TestMochaAccounts\\scheduleademomocha.specs.js",
      "beforeHooks": [],
      "afterHooks": [],
      "tests": [],
      "suites": [
        {
          "uuid": "043e816e-dd3f-426f-bd66-1037c5c8fc8b",
          "title": "Mocha Accounting Demo",
          "fullFile": "",
          "file": "",
          "beforeHooks": [],
          "afterHooks": [],
          "tests": [
            {
              "title": "Schedule A Demo",
              "fullTitle": "Mocha Accounting Demo Schedule A Demo",
              "timedOut": null,
              "duration": 26577,
              "state": "passed",
              "speed": "slow",
              "pass": true,
              "fail": false,
              "pending": false,
              "context": "{\n  \"title\": \"cypress-mochawesome-reporter-videos-passed\",\n  \"value\": \"cypress\\\\TestMochaAccounts\\\\scheduleademomocha.specs.js\"\n}",
              "code": "demo.username().type(nameRandomun);\ndemo.email().type(email);\ndemo.contactNumber().type(cell_phone);\ncy.wait(5000);\ndemo.newdate().type(\"2024-10-31\");\ndemo.time().type(\"13:11\");\ndemo.message().type(message);\ndemo.submitbutton().click();\ncy.log('Demo scheduled  successfully');",
              "err": {},
              "uuid": "88a17c1c-072d-4522-bc54-80613e3684c9",
              "parentUUID": "043e816e-dd3f-426f-bd66-1037c5c8fc8b",
              "isHook": false,
              "skipped": false
            }
          ],
          "suites": [],
          "passes": [
            "88a17c1c-072d-4522-bc54-80613e3684c9"
          ],
          "failures": [],
          "pending": [],
          "skipped": [],
          "duration": 26577,
          "root": false,
          "rootEmpty": false,
          "_timeout": 2000
        }
      ],
      "passes": [],
      "failures": [],
      "pending": [],
      "skipped": [],
      "duration": 0,
      "root": true,
      "rootEmpty": true,
      "_timeout": 2000
    },
    {
      "uuid": "ee83c2c9-64e8-45f9-9250-ff7878a7066f",
      "title": "",
      "fullFile": "cypress\\TestMochaAccounts\\TestContactForm.specs.js",
      "file": "cypress\\TestMochaAccounts\\TestContactForm.specs.js",
      "beforeHooks": [],
      "afterHooks": [],
      "tests": [],
      "suites": [
        {
          "uuid": "7661bfb2-e0dc-4861-aa24-0ec823a4eb62",
          "title": "MOCHA Accounting Contact Form Fail",
          "fullFile": "",
          "file": "",
          "beforeHooks": [],
          "afterHooks": [],
          "tests": [
            {
              "title": "Mocha Fail Test Case Form",
              "fullTitle": "MOCHA Accounting Contact Form Fail Mocha Fail Test Case Form",
              "timedOut": null,
              "duration": 8726,
              "state": "failed",
              "speed": null,
              "pass": false,
              "fail": true,
              "pending": false,
              "context": "[\n  {\n    \"title\": \"cypress-mochawesome-reporter-videos-failed\",\n    \"value\": \"cypress\\\\TestMochaAccounts\\\\TestContactForm.specs.js\"\n  },\n  {\n    \"title\": \"cypress-mochawesome-reporter-screenshots\",\n    \"value\": [\n      [\n        \"\\\\TestContactForm.specs.js\\\\MOCHA Accounting Contact Form Fail -- Mocha Fail Test Case Form -- before all hook (failed).png\"\n      ]\n    ]\n  },\n  \"assets/TestContactForm.specs.js/MOCHA Accounting Contact Form Fail --       Mocha Fail Test Case Form (failed).png\"\n]",
              "code": "cy.get('a').contains('About & Contact').click(); //cy.get('input[name=\"your-name\"]').type('Test Name');\n//cy.get('input[name=\"your-email\"]').type('Test@yopmail.com');\n//cy.get('input[name=\"your-company\"]').type('Test Subject');\ncy.get('select').select(1);\ncy.get('textarea[name=\"your-message\"]').type('Test Subject');\ncy.get('iframe').first().its('0.contentDocument.body').should('not.be.undefined').and('not.be.empty').then(cy.wrap).find('#recaptcha-anchor').should('be.visible').click();\ncy.wait(50000);\ncy.get('input[type=\"submit\"]').click();\ncy.contains('Thank you for your message. It has been sent.').should('be.visible');\ncy.screenshot();",
              "err": {
                "message": "AssertionError: Timed out retrying after 4000ms: expected 'https://mochaaccounting.com/' to include 'arcanetinmen'\n\nBecause this error occurred during a `before all` hook we are skipping the remaining tests in the current suite: `MOCHA Accounting Contact Fo...`",
                "estack": "AssertionError: Timed out retrying after 4000ms: expected 'https://mochaaccounting.com/' to include 'arcanetinmen'\n\nBecause this error occurred during a `before all` hook we are skipping the remaining tests in the current suite: `MOCHA Accounting Contact Fo...`\n    at Context.eval (webpack:///./cypress/TestMochaAccounts/TestContactForm.specs.js:6:20)",
                "diff": null
              },
              "uuid": "01ba34b7-f9c9-4d14-b22b-a1b900cb9ff0",
              "parentUUID": "7661bfb2-e0dc-4861-aa24-0ec823a4eb62",
              "isHook": false,
              "skipped": false
            }
          ],
          "suites": [],
          "passes": [],
          "failures": [
            "01ba34b7-f9c9-4d14-b22b-a1b900cb9ff0"
          ],
          "pending": [],
          "skipped": [],
          "duration": 8726,
          "root": false,
          "rootEmpty": false,
          "_timeout": 2000
        }
      ],
      "passes": [],
      "failures": [],
      "pending": [],
      "skipped": [],
      "duration": 0,
      "root": true,
      "rootEmpty": true,
      "_timeout": 2000
    },
    {
      "uuid": "1776f0ce-6c9b-4994-adaf-2be1e078acd5",
      "title": "",
      "fullFile": "cypress\\TestMochaAccounts\\mochafooterlinks.specs.js",
      "file": "cypress\\TestMochaAccounts\\mochafooterlinks.specs.js",
      "beforeHooks": [],
      "afterHooks": [],
      "tests": [],
      "suites": [
        {
          "uuid": "7193396d-10ac-45b4-b501-f504dd042a5d",
          "title": "Mocha Footer links Navigation",
          "fullFile": "",
          "file": "",
          "beforeHooks": [],
          "afterHooks": [],
          "tests": [
            {
              "title": "Visit all footer links",
              "fullTitle": "Mocha Footer links Navigation Visit all footer links",
              "timedOut": null,
              "duration": 13050,
              "state": "passed",
              "speed": "slow",
              "pass": true,
              "fail": false,
              "pending": false,
              "context": "{\n  \"title\": \"cypress-mochawesome-reporter-videos-passed\",\n  \"value\": \"cypress\\\\TestMochaAccounts\\\\mochafooterlinks.specs.js\"\n}",
              "code": "cy.visit(\"\");\ncy.wait(5000);\nfooterlink.footerclass().eq(1).scrollIntoView();\nfooterlink.footerclass().each(links => {\n  cy.get(links).invoke('attr', 'target', '_blank').click({\n    force: true\n  });\n  cy.log(cy.url());\n});",
              "err": {},
              "uuid": "8b05f998-b136-4495-9a08-e562ba6ac6aa",
              "parentUUID": "7193396d-10ac-45b4-b501-f504dd042a5d",
              "isHook": false,
              "skipped": false
            }
          ],
          "suites": [],
          "passes": [
            "8b05f998-b136-4495-9a08-e562ba6ac6aa"
          ],
          "failures": [],
          "pending": [],
          "skipped": [],
          "duration": 13050,
          "root": false,
          "rootEmpty": false,
          "_timeout": 2000
        }
      ],
      "passes": [],
      "failures": [],
      "pending": [],
      "skipped": [],
      "duration": 0,
      "root": true,
      "rootEmpty": true,
      "_timeout": 2000
    }
  ],
  "meta": {
    "mocha": {
      "version": "7.0.1"
    },
    "mochawesome": {
      "options": {
        "quiet": false,
        "reportFilename": "mochawesome",
        "saveHtml": false,
        "saveJson": true,
        "consoleReporter": "spec",
        "useInlineDiffs": false,
        "code": true
      },
      "version": "7.1.3"
    },
    "marge": {
      "options": {
        "reportDir": "cypress/results",
        "embeddedScreenshots": true,
        "overwrite": false,
        "html": false,
        "json": true
      },
      "version": "6.2.0"
    }
  }
}