{
  "stats": {
    "suites": 6,
    "tests": 8,
    "passes": 7,
    "pending": 0,
    "failures": 1,
    "testsRegistered": 8,
    "passPercent": 87.5,
    "pendingPercent": 0,
    "other": 0,
    "hasOther": false,
    "skipped": 0,
    "hasSkipped": false,
    "start": "2024-10-17T20:11:01.852Z",
    "end": "2024-10-17T20:16:38.898Z",
    "duration": 337046
  },
  "results": [
    {
      "uuid": "06e89c5d-6f4b-49cb-9791-d4f561daa7b1",
      "title": "",
      "fullFile": "cypress\\TestMochaAccounts\\mochaForgotPasswword.specs.js",
      "file": "cypress\\TestMochaAccounts\\mochaForgotPasswword.specs.js",
      "beforeHooks": [],
      "afterHooks": [],
      "tests": [],
      "suites": [
        {
          "uuid": "7682e269-c4e6-4084-a895-d8dcffc15a64",
          "title": "Mocha Forget Password",
          "fullFile": "",
          "file": "",
          "beforeHooks": [],
          "afterHooks": [],
          "tests": [
            {
              "title": "Forgot password screen",
              "fullTitle": "Mocha Forget Password Forgot password screen",
              "timedOut": null,
              "duration": 82622,
              "state": "passed",
              "speed": "slow",
              "pass": true,
              "fail": false,
              "pending": false,
              "context": "{\n  \"title\": \"cypress-mochawesome-reporter-videos-passed\",\n  \"value\": \"cypress\\\\TestMochaAccounts\\\\mochaForgotPasswword.specs.js\"\n}",
              "code": "cy.fixture(\"forgotpasswordemails.json\").then(function (data) {\n  globalThis.emaildata = data;\n  console.log(emaildata.email);\n  cy.visit('');\n  login.loginbutton().click();\n  forpwd.forgotpasswordnav().click();\n  forpwd.entermail().type(emaildata.email);\n  cy.wait(10000);\n  forpwd.clickSubmit().click();\n  cy.wait(30000);\n});",
              "err": {},
              "uuid": "4daf9aa9-1828-44c7-becd-e77df8ea85da",
              "parentUUID": "7682e269-c4e6-4084-a895-d8dcffc15a64",
              "isHook": false,
              "skipped": false
            },
            {
              "title": "Gets Password Reset email from Mailosaur",
              "fullTitle": "Mocha Forget Password Gets Password Reset email from Mailosaur",
              "timedOut": null,
              "duration": 6065,
              "state": "passed",
              "speed": "medium",
              "pass": true,
              "fail": false,
              "pending": false,
              "context": "{\n  \"title\": \"cypress-mochawesome-reporter-videos-passed\",\n  \"value\": \"cypress\\\\TestMochaAccounts\\\\mochaForgotPasswword.specs.js\"\n}",
              "code": "const serverId = 'vmsjdi6i';\nconsole.log(emaildata.email);\ncy.mailosaurSearchMessages(serverId, {\n  sentTo: emaildata.email\n}).then(email => {\n  console.log(email.items[0]);\n  cy.mailosaurGetMessage(serverId, {\n    sentTo: emaildata.email\n  }).then(email => {\n    console.log(emaildata.email);\n    expect(email.subject).to.contain(\"Here's your PIN \");\n    const otp = email.html.codes[0].value;\n    console.log(otp);\n    forpwd.enterVerificationCode().type(otp);\n    forpwd.clickVerify().click();\n    forpwd.enterNewPassword().type('Mocha@4321');\n    forpwd.enterConfirmPassword().type('Mocha@4321');\n    forpwd.clickSubmit2().click();\n    cy.log('Password reset successfull');\n  });\n});",
              "err": {},
              "uuid": "f55edba1-93f8-42a8-9a35-839ef3f01a2d",
              "parentUUID": "7682e269-c4e6-4084-a895-d8dcffc15a64",
              "isHook": false,
              "skipped": false
            }
          ],
          "suites": [],
          "passes": [
            "4daf9aa9-1828-44c7-becd-e77df8ea85da",
            "f55edba1-93f8-42a8-9a35-839ef3f01a2d"
          ],
          "failures": [],
          "pending": [],
          "skipped": [],
          "duration": 88687,
          "root": false,
          "rootEmpty": false,
          "_timeout": 2000
        }
      ],
      "passes": [],
      "failures": [],
      "pending": [],
      "skipped": [],
      "duration": 0,
      "root": true,
      "rootEmpty": true,
      "_timeout": 2000
    },
    {
      "uuid": "eab8ec04-e33d-4b45-99b9-e2b0a68a7e9c",
      "title": "",
      "fullFile": "cypress\\TestMochaAccounts\\mochalogin.specs.js",
      "file": "cypress\\TestMochaAccounts\\mochalogin.specs.js",
      "beforeHooks": [],
      "afterHooks": [],
      "tests": [],
      "suites": [
        {
          "uuid": "8565c25c-1465-4c28-b20b-e0b83b92a625",
          "title": "Mocha Accounting Login",
          "fullFile": "",
          "file": "",
          "beforeHooks": [],
          "afterHooks": [],
          "tests": [
            {
              "title": "Login with Valid credentials",
              "fullTitle": "Mocha Accounting Login Login with Valid credentials",
              "timedOut": null,
              "duration": 12871,
              "state": "passed",
              "speed": "slow",
              "pass": true,
              "fail": false,
              "pending": false,
              "context": "{\n  \"title\": \"cypress-mochawesome-reporter-videos-passed\",\n  \"value\": \"cypress\\\\TestMochaAccounts\\\\mochalogin.specs.js\"\n}",
              "code": "login.email().type(logindata.email);\nlogin.password().type(logindata.password2);\nlogin.loginenter().click(); // login.logoutbutton().should('be.visible');\ncy.log('User logged in  successfully');",
              "err": {},
              "uuid": "422c8e72-689e-477a-bbe9-47823157e0f7",
              "parentUUID": "8565c25c-1465-4c28-b20b-e0b83b92a625",
              "isHook": false,
              "skipped": false
            }
          ],
          "suites": [],
          "passes": [
            "422c8e72-689e-477a-bbe9-47823157e0f7"
          ],
          "failures": [],
          "pending": [],
          "skipped": [],
          "duration": 12871,
          "root": false,
          "rootEmpty": false,
          "_timeout": 2000
        }
      ],
      "passes": [],
      "failures": [],
      "pending": [],
      "skipped": [],
      "duration": 0,
      "root": true,
      "rootEmpty": true,
      "_timeout": 2000
    },
    {
      "uuid": "464929a0-64da-48a0-9059-2385d37fd300",
      "title": "",
      "fullFile": "cypress\\TestMochaAccounts\\mochauserRegistration.specs.js",
      "file": "cypress\\TestMochaAccounts\\mochauserRegistration.specs.js",
      "beforeHooks": [],
      "afterHooks": [],
      "tests": [],
      "suites": [
        {
          "uuid": "d602a334-a847-42d0-a6a2-7c52bb76ff91",
          "title": "Mocha User registration",
          "fullFile": "",
          "file": "",
          "beforeHooks": [],
          "afterHooks": [],
          "tests": [
            {
              "title": "Register successfully done",
              "fullTitle": "Mocha User registration Register successfully done",
              "timedOut": null,
              "duration": 85301,
              "state": "passed",
              "speed": "slow",
              "pass": true,
              "fail": false,
              "pending": false,
              "context": "{\n  \"title\": \"cypress-mochawesome-reporter-videos-passed\",\n  \"value\": \"cypress\\\\TestMochaAccounts\\\\mochauserRegistration.specs.js\"\n}",
              "code": "cy.visit('');\nuserreg.registerclick().click();\nuserreg.fullname().type(fullname);\nuserreg.emailaddress().type(emailRandom);\nconsole.log(emailRandom);\nuserreg.phone_number().type(cell_phone);\nuserreg.companyName().type(company);\ncy.wait(500);\nuserreg.password().type(\"Test@1234\");\nuserreg.confirmPassword().type(\"Test@1234\");\nuserreg.AcceptTC().click();\ncy.wait(10000);\nuserreg.signup().click();\ncy.wait(30000);\nuserreg.successfulregistration().should('be.visible');\ncy.wait(30000);",
              "err": {},
              "uuid": "0c8dca57-2a97-477e-a04f-18bde2fccd45",
              "parentUUID": "d602a334-a847-42d0-a6a2-7c52bb76ff91",
              "isHook": false,
              "skipped": false
            },
            {
              "title": "Account Activation Email",
              "fullTitle": "Mocha User registration Account Activation Email",
              "timedOut": null,
              "duration": 23888,
              "state": "passed",
              "speed": "slow",
              "pass": true,
              "fail": false,
              "pending": false,
              "context": "{\n  \"title\": \"cypress-mochawesome-reporter-videos-passed\",\n  \"value\": \"cypress\\\\TestMochaAccounts\\\\mochauserRegistration.specs.js\"\n}",
              "code": "const serverId = 'vmsjdi6i';\nconsole.log(emailRandom);\ncy.mailosaurSearchMessages(serverId, {\n  sentTo: emailRandom\n}).then(email => {\n  console.log(email.items[0]);\n  expect(email.items[0].from[0].email).to.contain(\"@mochatechnologies.com\");\n  expect(email.items[0].from[0].email).to.contain(\"sales\");\n  expect(email.items[0].to[0].email).to.contain(emailRandom);\n  expect(email.items[0].subject).to.contain('Verify your email for Mocha Accounting!');\n  console.log(\"Test Pass\");\n  cy.mailosaurGetMessageById(email.items[0].id).then(emailbody => {\n    console.log(emailbody);\n    var accountactlink = emailbody.html.links[1].href;\n    console.log(accountactlink);\n    cy.visit(accountactlink);\n    cy.wait(20000);\n    cy.log('User registered  successfully');\n  });\n});",
              "err": {},
              "uuid": "292304e5-c392-4989-8972-a73d7c700cc2",
              "parentUUID": "d602a334-a847-42d0-a6a2-7c52bb76ff91",
              "isHook": false,
              "skipped": false
            }
          ],
          "suites": [],
          "passes": [
            "0c8dca57-2a97-477e-a04f-18bde2fccd45",
            "292304e5-c392-4989-8972-a73d7c700cc2"
          ],
          "failures": [],
          "pending": [],
          "skipped": [],
          "duration": 109189,
          "root": false,
          "rootEmpty": false,
          "_timeout": 2000
        }
      ],
      "passes": [],
      "failures": [],
      "pending": [],
      "skipped": [],
      "duration": 0,
      "root": true,
      "rootEmpty": true,
      "_timeout": 2000
    },
    {
      "uuid": "9f71284b-59be-4367-b7a7-f4d4f61b39e0",
      "title": "",
      "fullFile": "cypress\\TestMochaAccounts\\scheduleademomocha.specs.js",
      "file": "cypress\\TestMochaAccounts\\scheduleademomocha.specs.js",
      "beforeHooks": [],
      "afterHooks": [],
      "tests": [],
      "suites": [
        {
          "uuid": "1056ee25-3de0-4b34-a4c1-8beb1435c939",
          "title": "Mocha Accounting Demo",
          "fullFile": "",
          "file": "",
          "beforeHooks": [],
          "afterHooks": [],
          "tests": [
            {
              "title": "Schedule A Demo",
              "fullTitle": "Mocha Accounting Demo Schedule A Demo",
              "timedOut": null,
              "duration": 25229,
              "state": "passed",
              "speed": "slow",
              "pass": true,
              "fail": false,
              "pending": false,
              "context": "{\n  \"title\": \"cypress-mochawesome-reporter-videos-passed\",\n  \"value\": \"cypress\\\\TestMochaAccounts\\\\scheduleademomocha.specs.js\"\n}",
              "code": "demo.username().type(nameRandomun);\ndemo.email().type(email);\ndemo.contactNumber().type(cell_phone);\ncy.wait(5000);\ndemo.newdate().type(\"2024-10-31\");\ndemo.time().type(\"13:11\");\ndemo.message().type(message);\ndemo.submitbutton().click();\ncy.log('Demo scheduled  successfully');",
              "err": {},
              "uuid": "2f873c9d-091a-4194-84cf-0b99e20d8b35",
              "parentUUID": "1056ee25-3de0-4b34-a4c1-8beb1435c939",
              "isHook": false,
              "skipped": false
            }
          ],
          "suites": [],
          "passes": [
            "2f873c9d-091a-4194-84cf-0b99e20d8b35"
          ],
          "failures": [],
          "pending": [],
          "skipped": [],
          "duration": 25229,
          "root": false,
          "rootEmpty": false,
          "_timeout": 2000
        }
      ],
      "passes": [],
      "failures": [],
      "pending": [],
      "skipped": [],
      "duration": 0,
      "root": true,
      "rootEmpty": true,
      "_timeout": 2000
    },
    {
      "uuid": "e970e869-187d-49b9-bedd-c6fdbe23922b",
      "title": "",
      "fullFile": "cypress\\TestMochaAccounts\\TestContactForm.specs.js",
      "file": "cypress\\TestMochaAccounts\\TestContactForm.specs.js",
      "beforeHooks": [],
      "afterHooks": [],
      "tests": [],
      "suites": [
        {
          "uuid": "62c7baff-eb48-40d5-80fd-a4907b9a9d05",
          "title": "MOCHA Accounting Contact Form Fail",
          "fullFile": "",
          "file": "",
          "beforeHooks": [],
          "afterHooks": [],
          "tests": [
            {
              "title": "Mocha Fail Test Case Form",
              "fullTitle": "MOCHA Accounting Contact Form Fail Mocha Fail Test Case Form",
              "timedOut": null,
              "duration": 8634,
              "state": "failed",
              "speed": null,
              "pass": false,
              "fail": true,
              "pending": false,
              "context": "[\n  {\n    \"title\": \"cypress-mochawesome-reporter-videos-failed\",\n    \"value\": \"cypress\\\\TestMochaAccounts\\\\TestContactForm.specs.js\"\n  },\n  {\n    \"title\": \"cypress-mochawesome-reporter-screenshots\",\n    \"value\": [\n      [\n        \"\\\\TestContactForm.specs.js\\\\MOCHA Accounting Contact Form Fail -- Mocha Fail Test Case Form -- before all hook (failed).png\"\n      ]\n    ]\n  },\n  \"assets/TestContactForm.specs.js/MOCHA Accounting Contact Form Fail --       Mocha Fail Test Case Form (failed).png\"\n]",
              "code": "cy.get('a').contains('About & Contact').click();\ncy.get('input[name=\"your-name\"]').type('Test Name');\ncy.get('input[name=\"your-email\"]').type('Test@yopmail.com');\ncy.get('input[name=\"your-company\"]').type('Test Subject');\ncy.get('select').select(1);\ncy.get('textarea[name=\"your-message\"]').type('Test Subject');\ncy.get('iframe').first().its('0.contentDocument.body').should('not.be.undefined').and('not.be.empty').then(cy.wrap).find('#recaptcha-anchor').should('be.visible').click();\ncy.wait(50000);\ncy.get('input[type=\"submit\"]').click();\ncy.contains('Thank you for your message. It has been sent.').should('be.visible');\ncy.screenshot();",
              "err": {
                "message": "AssertionError: Timed out retrying after 4000ms: expected 'https://mochaaccounting.com/' to include 'arcanetinmen'\n\nBecause this error occurred during a `before all` hook we are skipping the remaining tests in the current suite: `MOCHA Accounting Contact Fo...`",
                "estack": "AssertionError: Timed out retrying after 4000ms: expected 'https://mochaaccounting.com/' to include 'arcanetinmen'\n\nBecause this error occurred during a `before all` hook we are skipping the remaining tests in the current suite: `MOCHA Accounting Contact Fo...`\n    at Context.eval (webpack:///./cypress/TestMochaAccounts/TestContactForm.specs.js:6:20)",
                "diff": null
              },
              "uuid": "41d81e0f-f297-42bd-91f9-223a6e81ad73",
              "parentUUID": "62c7baff-eb48-40d5-80fd-a4907b9a9d05",
              "isHook": false,
              "skipped": false
            }
          ],
          "suites": [],
          "passes": [],
          "failures": [
            "41d81e0f-f297-42bd-91f9-223a6e81ad73"
          ],
          "pending": [],
          "skipped": [],
          "duration": 8634,
          "root": false,
          "rootEmpty": false,
          "_timeout": 2000
        }
      ],
      "passes": [],
      "failures": [],
      "pending": [],
      "skipped": [],
      "duration": 0,
      "root": true,
      "rootEmpty": true,
      "_timeout": 2000
    },
    {
      "uuid": "8fa4d451-9918-45f8-ab7f-79200873fb3f",
      "title": "",
      "fullFile": "cypress\\TestMochaAccounts\\mochafooterlinks.specs.js",
      "file": "cypress\\TestMochaAccounts\\mochafooterlinks.specs.js",
      "beforeHooks": [],
      "afterHooks": [],
      "tests": [],
      "suites": [
        {
          "uuid": "9f5d4dd5-8f3d-489a-89ed-cc51f53adf63",
          "title": "Mocha Footer links Navigation",
          "fullFile": "",
          "file": "",
          "beforeHooks": [],
          "afterHooks": [],
          "tests": [
            {
              "title": "Visit all footer links",
              "fullTitle": "Mocha Footer links Navigation Visit all footer links",
              "timedOut": null,
              "duration": 13299,
              "state": "passed",
              "speed": "slow",
              "pass": true,
              "fail": false,
              "pending": false,
              "context": "{\n  \"title\": \"cypress-mochawesome-reporter-videos-passed\",\n  \"value\": \"cypress\\\\TestMochaAccounts\\\\mochafooterlinks.specs.js\"\n}",
              "code": "cy.visit(\"\");\ncy.wait(5000);\nfooterlink.footerclass().eq(1).scrollIntoView();\nfooterlink.footerclass().each(links => {\n  cy.get(links).invoke('attr', 'target', '_blank').click({\n    force: true\n  });\n  cy.log(cy.url());\n});",
              "err": {},
              "uuid": "50eac029-fc2a-4d5f-b760-edf83d1e031f",
              "parentUUID": "9f5d4dd5-8f3d-489a-89ed-cc51f53adf63",
              "isHook": false,
              "skipped": false
            }
          ],
          "suites": [],
          "passes": [
            "50eac029-fc2a-4d5f-b760-edf83d1e031f"
          ],
          "failures": [],
          "pending": [],
          "skipped": [],
          "duration": 13299,
          "root": false,
          "rootEmpty": false,
          "_timeout": 2000
        }
      ],
      "passes": [],
      "failures": [],
      "pending": [],
      "skipped": [],
      "duration": 0,
      "root": true,
      "rootEmpty": true,
      "_timeout": 2000
    }
  ],
  "meta": {
    "mocha": {
      "version": "7.0.1"
    },
    "mochawesome": {
      "options": {
        "quiet": false,
        "reportFilename": "mochawesome",
        "saveHtml": false,
        "saveJson": true,
        "consoleReporter": "spec",
        "useInlineDiffs": false,
        "code": true
      },
      "version": "7.1.3"
    },
    "marge": {
      "options": {
        "reportDir": "cypress/results",
        "embeddedScreenshots": true,
        "overwrite": false,
        "html": false,
        "json": true
      },
      "version": "6.2.0"
    }
  }
}