{
  "stats": {
    "suites": 1,
    "tests": 1,
    "passes": 1,
    "pending": 0,
    "failures": 0,
    "start": "2024-10-18T20:57:25.028Z",
    "end": "2024-10-18T20:57:38.105Z",
    "duration": 13077,
    "testsRegistered": 1,
    "passPercent": 100,
    "pendingPercent": 0,
    "other": 0,
    "hasOther": false,
    "skipped": 0,
    "hasSkipped": false
  },
  "results": [
    {
      "uuid": "1776f0ce-6c9b-4994-adaf-2be1e078acd5",
      "title": "",
      "fullFile": "cypress\\TestMochaAccounts\\mochafooterlinks.specs.js",
      "file": "cypress\\TestMochaAccounts\\mochafooterlinks.specs.js",
      "beforeHooks": [],
      "afterHooks": [],
      "tests": [],
      "suites": [
        {
          "uuid": "7193396d-10ac-45b4-b501-f504dd042a5d",
          "title": "Mocha Footer links Navigation",
          "fullFile": "",
          "file": "",
          "beforeHooks": [],
          "afterHooks": [],
          "tests": [
            {
              "title": "Visit all footer links",
              "fullTitle": "Mocha Footer links Navigation Visit all footer links",
              "timedOut": null,
              "duration": 13050,
              "state": "passed",
              "speed": "slow",
              "pass": true,
              "fail": false,
              "pending": false,
              "context": "{\n  \"title\": \"cypress-mochawesome-reporter-videos-passed\",\n  \"value\": \"cypress\\\\TestMochaAccounts\\\\mochafooterlinks.specs.js\"\n}",
              "code": "cy.visit(\"\");\ncy.wait(5000);\nfooterlink.footerclass().eq(1).scrollIntoView();\nfooterlink.footerclass().each(links => {\n  cy.get(links).invoke('attr', 'target', '_blank').click({\n    force: true\n  });\n  cy.log(cy.url());\n});",
              "err": {},
              "uuid": "8b05f998-b136-4495-9a08-e562ba6ac6aa",
              "parentUUID": "7193396d-10ac-45b4-b501-f504dd042a5d",
              "isHook": false,
              "skipped": false
            }
          ],
          "suites": [],
          "passes": [
            "8b05f998-b136-4495-9a08-e562ba6ac6aa"
          ],
          "failures": [],
          "pending": [],
          "skipped": [],
          "duration": 13050,
          "root": false,
          "rootEmpty": false,
          "_timeout": 2000
        }
      ],
      "passes": [],
      "failures": [],
      "pending": [],
      "skipped": [],
      "duration": 0,
      "root": true,
      "rootEmpty": true,
      "_timeout": 2000
    }
  ],
  "meta": {
    "mocha": {
      "version": "7.0.1"
    },
    "mochawesome": {
      "options": {
        "quiet": false,
        "reportFilename": "mochawesome",
        "saveHtml": false,
        "saveJson": true,
        "consoleReporter": "spec",
        "useInlineDiffs": false,
        "code": true
      },
      "version": "7.1.3"
    },
    "marge": {
      "options": {
        "reportDir": "cypress/results",
        "embeddedScreenshots": true,
        "overwrite": false,
        "html": false,
        "json": true
      },
      "version": "6.2.0"
    }
  }
}