{
  "stats": {
    "suites": 1,
    "tests": 1,
    "passes": 1,
    "pending": 0,
    "failures": 0,
    "start": "2024-10-17T20:13:31.874Z",
    "end": "2024-10-17T20:13:44.882Z",
    "duration": 13008,
    "testsRegistered": 1,
    "passPercent": 100,
    "pendingPercent": 0,
    "other": 0,
    "hasOther": false,
    "skipped": 0,
    "hasSkipped": false
  },
  "results": [
    {
      "uuid": "eab8ec04-e33d-4b45-99b9-e2b0a68a7e9c",
      "title": "",
      "fullFile": "cypress\\TestMochaAccounts\\mochalogin.specs.js",
      "file": "cypress\\TestMochaAccounts\\mochalogin.specs.js",
      "beforeHooks": [],
      "afterHooks": [],
      "tests": [],
      "suites": [
        {
          "uuid": "8565c25c-1465-4c28-b20b-e0b83b92a625",
          "title": "Mocha Accounting Login",
          "fullFile": "",
          "file": "",
          "beforeHooks": [],
          "afterHooks": [],
          "tests": [
            {
              "title": "Login with Valid credentials",
              "fullTitle": "Mocha Accounting Login Login with Valid credentials",
              "timedOut": null,
              "duration": 12871,
              "state": "passed",
              "speed": "slow",
              "pass": true,
              "fail": false,
              "pending": false,
              "context": "{\n  \"title\": \"cypress-mochawesome-reporter-videos-passed\",\n  \"value\": \"cypress\\\\TestMochaAccounts\\\\mochalogin.specs.js\"\n}",
              "code": "login.email().type(logindata.email);\nlogin.password().type(logindata.password2);\nlogin.loginenter().click(); // login.logoutbutton().should('be.visible');\ncy.log('User logged in  successfully');",
              "err": {},
              "uuid": "422c8e72-689e-477a-bbe9-47823157e0f7",
              "parentUUID": "8565c25c-1465-4c28-b20b-e0b83b92a625",
              "isHook": false,
              "skipped": false
            }
          ],
          "suites": [],
          "passes": [
            "422c8e72-689e-477a-bbe9-47823157e0f7"
          ],
          "failures": [],
          "pending": [],
          "skipped": [],
          "duration": 12871,
          "root": false,
          "rootEmpty": false,
          "_timeout": 2000
        }
      ],
      "passes": [],
      "failures": [],
      "pending": [],
      "skipped": [],
      "duration": 0,
      "root": true,
      "rootEmpty": true,
      "_timeout": 2000
    }
  ],
  "meta": {
    "mocha": {
      "version": "7.0.1"
    },
    "mochawesome": {
      "options": {
        "quiet": false,
        "reportFilename": "mochawesome",
        "saveHtml": false,
        "saveJson": true,
        "consoleReporter": "spec",
        "useInlineDiffs": false,
        "code": true
      },
      "version": "7.1.3"
    },
    "marge": {
      "options": {
        "reportDir": "cypress/results",
        "embeddedScreenshots": true,
        "overwrite": false,
        "html": false,
        "json": true
      },
      "version": "6.2.0"
    }
  }
}