{
  "stats": {
    "suites": 1,
    "tests": 2,
    "passes": 0,
    "pending": 0,
    "failures": 2,
    "start": "2024-10-19T18:31:23.741Z",
    "end": "2024-10-19T18:31:45.085Z",
    "duration": 21344,
    "testsRegistered": 2,
    "passPercent": 0,
    "pendingPercent": 0,
    "other": 0,
    "hasOther": false,
    "skipped": 0,
    "hasSkipped": false
  },
  "results": [
    {
      "uuid": "bd6d0c62-dfdb-40ee-ab98-ae9f68799be5",
      "title": "",
      "fullFile": "cypress\\TestMochaAccounts\\mochauserRegistration.specs.js",
      "file": "cypress\\TestMochaAccounts\\mochauserRegistration.specs.js",
      "beforeHooks": [],
      "afterHooks": [],
      "tests": [],
      "suites": [
        {
          "uuid": "2574830d-5a9f-4210-9bef-3933389a4bde",
          "title": "Mocha User registration",
          "fullFile": "",
          "file": "",
          "beforeHooks": [],
          "afterHooks": [],
          "tests": [
            {
              "title": "Register successfully done",
              "fullTitle": "Mocha User registration Register successfully done",
              "timedOut": null,
              "duration": 11010,
              "state": "failed",
              "speed": null,
              "pass": false,
              "fail": true,
              "pending": false,
              "context": "[\n  {\n    \"title\": \"cypress-mochawesome-reporter-videos-failed\",\n    \"value\": \"cypress\\\\TestMochaAccounts\\\\mochauserRegistration.specs.js\"\n  },\n  {\n    \"title\": \"cypress-mochawesome-reporter-screenshots\",\n    \"value\": [\n      [\n        \"\\\\mochauserRegistration.specs.js\\\\Mocha User registration -- Register successfully done (failed).png\"\n      ]\n    ]\n  },\n  \"assets/mochauserRegistration.specs.js/Mocha User registration --       Register successfully done (failed).png\"\n]",
              "code": "cy.visit('');\nuserreg.registerclick().click();\nuserreg.fullname().type(fullname);\nuserreg.emailaddress().type(emailRandom);\nconsole.log(emailRandom);\nuserreg.phone_number().type(cell_phone);\nuserreg.companyName().type(company);\ncy.wait(500);\nuserreg.password().type(\"Test@1234\");\nuserreg.confirmPassword().type(\"Test@1234\");\nuserreg.AcceptTC().click();\ncy.wait(10000);\nuserreg.signup().click();\ncy.wait(30000);\nuserreg.successfulregistration().should('be.visible');\ncy.wait(30000);",
              "err": {
                "message": "AssertionError: Timed out retrying after 4000ms: Expected to find element: `#first_name`, but never found it.",
                "estack": "AssertionError: Timed out retrying after 4000ms: Expected to find element: `#first_name`, but never found it.\n    at registration.fullname (webpack:///./cypress/TestMochaAccounts/PageObjects/register_mocha_com.js:9:10)\n    at Context.eval (webpack:///./cypress/TestMochaAccounts/mochauserRegistration.specs.js:25:12)",
                "diff": null
              },
              "uuid": "3e6ae852-0aca-43fc-a278-b980c0b4c0b9",
              "parentUUID": "2574830d-5a9f-4210-9bef-3933389a4bde",
              "isHook": false,
              "skipped": false
            },
            {
              "title": "Account Activation Email",
              "fullTitle": "Mocha User registration Account Activation Email",
              "timedOut": null,
              "duration": 10284,
              "state": "failed",
              "speed": null,
              "pass": false,
              "fail": true,
              "pending": false,
              "context": "[\n  {\n    \"title\": \"cypress-mochawesome-reporter-videos-failed\",\n    \"value\": \"cypress\\\\TestMochaAccounts\\\\mochauserRegistration.specs.js\"\n  },\n  {\n    \"title\": \"cypress-mochawesome-reporter-screenshots\",\n    \"value\": [\n      [\n        \"\\\\mochauserRegistration.specs.js\\\\Mocha User registration -- Account Activation Email (failed).png\"\n      ]\n    ]\n  },\n  \"assets/mochauserRegistration.specs.js/Mocha User registration --       Account Activation Email (failed).png\"\n]",
              "code": "const serverId = 'vmsjdi6i';\nconsole.log(emailRandom);\ncy.mailosaurSearchMessages(serverId, {\n  sentTo: emailRandom\n}).then(email => {\n  console.log(email.items[0]);\n  expect(email.items[0].from[0].email).to.contain(\"@mochatechnologies.com\");\n  expect(email.items[0].from[0].email).to.contain(\"sales\");\n  expect(email.items[0].to[0].email).to.contain(emailRandom);\n  expect(email.items[0].subject).to.contain('Verify your email for Mocha Accounting!');\n  console.log(\"Test Pass\");\n  cy.mailosaurGetMessageById(email.items[0].id).then(emailbody => {\n    console.log(emailbody);\n    var accountactlink = emailbody.html.links[1].href;\n    console.log(accountactlink);\n    cy.visit(accountactlink);\n    cy.wait(20000);\n    cy.log('User registered  successfully');\n  });\n});",
              "err": {
                "message": "Error: No matching messages found in time. By default, only messages received in the last hour are checked (use receivedAfter to override this).",
                "estack": "Error: No matching messages found in time. By default, only messages received in the last hour are checked (use receivedAfter to override this).\n    at eval (webpack:///./node_modules/cypress-mailosaur/src/mailosaurCommands.js:168:0)",
                "diff": null
              },
              "uuid": "433e35fa-05c7-439f-af5a-653c2bb1ad56",
              "parentUUID": "2574830d-5a9f-4210-9bef-3933389a4bde",
              "isHook": false,
              "skipped": false
            }
          ],
          "suites": [],
          "passes": [],
          "failures": [
            "3e6ae852-0aca-43fc-a278-b980c0b4c0b9",
            "433e35fa-05c7-439f-af5a-653c2bb1ad56"
          ],
          "pending": [],
          "skipped": [],
          "duration": 21294,
          "root": false,
          "rootEmpty": false,
          "_timeout": 2000
        }
      ],
      "passes": [],
      "failures": [],
      "pending": [],
      "skipped": [],
      "duration": 0,
      "root": true,
      "rootEmpty": true,
      "_timeout": 2000
    }
  ],
  "meta": {
    "mocha": {
      "version": "7.0.1"
    },
    "mochawesome": {
      "options": {
        "quiet": false,
        "reportFilename": "mochawesome",
        "saveHtml": false,
        "saveJson": true,
        "consoleReporter": "spec",
        "useInlineDiffs": false,
        "code": true
      },
      "version": "7.1.3"
    },
    "marge": {
      "options": {
        "reportDir": "cypress/results",
        "embeddedScreenshots": true,
        "overwrite": false,
        "html": false,
        "json": true
      },
      "version": "6.2.0"
    }
  }
}