{
  "stats": {
    "suites": 1,
    "tests": 1,
    "passes": 0,
    "pending": 0,
    "failures": 1,
    "start": "2024-10-17T20:16:30.133Z",
    "end": "2024-10-17T20:16:38.898Z",
    "duration": 8765,
    "testsRegistered": 1,
    "passPercent": 0,
    "pendingPercent": 0,
    "other": 0,
    "hasOther": false,
    "skipped": 0,
    "hasSkipped": false
  },
  "results": [
    {
      "uuid": "e970e869-187d-49b9-bedd-c6fdbe23922b",
      "title": "",
      "fullFile": "cypress\\TestMochaAccounts\\TestContactForm.specs.js",
      "file": "cypress\\TestMochaAccounts\\TestContactForm.specs.js",
      "beforeHooks": [],
      "afterHooks": [],
      "tests": [],
      "suites": [
        {
          "uuid": "62c7baff-eb48-40d5-80fd-a4907b9a9d05",
          "title": "MOCHA Accounting Contact Form Fail",
          "fullFile": "",
          "file": "",
          "beforeHooks": [],
          "afterHooks": [],
          "tests": [
            {
              "title": "Mocha Fail Test Case Form",
              "fullTitle": "MOCHA Accounting Contact Form Fail Mocha Fail Test Case Form",
              "timedOut": null,
              "duration": 8634,
              "state": "failed",
              "speed": null,
              "pass": false,
              "fail": true,
              "pending": false,
              "context": "[\n  {\n    \"title\": \"cypress-mochawesome-reporter-videos-failed\",\n    \"value\": \"cypress\\\\TestMochaAccounts\\\\TestContactForm.specs.js\"\n  },\n  {\n    \"title\": \"cypress-mochawesome-reporter-screenshots\",\n    \"value\": [\n      [\n        \"\\\\TestContactForm.specs.js\\\\MOCHA Accounting Contact Form Fail -- Mocha Fail Test Case Form -- before all hook (failed).png\"\n      ]\n    ]\n  },\n  \"assets/TestContactForm.specs.js/MOCHA Accounting Contact Form Fail --       Mocha Fail Test Case Form (failed).png\"\n]",
              "code": "cy.get('a').contains('About & Contact').click();\ncy.get('input[name=\"your-name\"]').type('Test Name');\ncy.get('input[name=\"your-email\"]').type('Test@yopmail.com');\ncy.get('input[name=\"your-company\"]').type('Test Subject');\ncy.get('select').select(1);\ncy.get('textarea[name=\"your-message\"]').type('Test Subject');\ncy.get('iframe').first().its('0.contentDocument.body').should('not.be.undefined').and('not.be.empty').then(cy.wrap).find('#recaptcha-anchor').should('be.visible').click();\ncy.wait(50000);\ncy.get('input[type=\"submit\"]').click();\ncy.contains('Thank you for your message. It has been sent.').should('be.visible');\ncy.screenshot();",
              "err": {
                "message": "AssertionError: Timed out retrying after 4000ms: expected 'https://mochaaccounting.com/' to include 'arcanetinmen'\n\nBecause this error occurred during a `before all` hook we are skipping the remaining tests in the current suite: `MOCHA Accounting Contact Fo...`",
                "estack": "AssertionError: Timed out retrying after 4000ms: expected 'https://mochaaccounting.com/' to include 'arcanetinmen'\n\nBecause this error occurred during a `before all` hook we are skipping the remaining tests in the current suite: `MOCHA Accounting Contact Fo...`\n    at Context.eval (webpack:///./cypress/TestMochaAccounts/TestContactForm.specs.js:6:20)",
                "diff": null
              },
              "uuid": "41d81e0f-f297-42bd-91f9-223a6e81ad73",
              "parentUUID": "62c7baff-eb48-40d5-80fd-a4907b9a9d05",
              "isHook": false,
              "skipped": false
            }
          ],
          "suites": [],
          "passes": [],
          "failures": [
            "41d81e0f-f297-42bd-91f9-223a6e81ad73"
          ],
          "pending": [],
          "skipped": [],
          "duration": 8634,
          "root": false,
          "rootEmpty": false,
          "_timeout": 2000
        }
      ],
      "passes": [],
      "failures": [],
      "pending": [],
      "skipped": [],
      "duration": 0,
      "root": true,
      "rootEmpty": true,
      "_timeout": 2000
    }
  ],
  "meta": {
    "mocha": {
      "version": "7.0.1"
    },
    "mochawesome": {
      "options": {
        "quiet": false,
        "reportFilename": "mochawesome",
        "saveHtml": false,
        "saveJson": true,
        "consoleReporter": "spec",
        "useInlineDiffs": false,
        "code": true
      },
      "version": "7.1.3"
    },
    "marge": {
      "options": {
        "reportDir": "cypress/results",
        "embeddedScreenshots": true,
        "overwrite": false,
        "html": false,
        "json": true
      },
      "version": "6.2.0"
    }
  }
}