{
  "stats": {
    "suites": 1,
    "tests": 2,
    "passes": 2,
    "pending": 0,
    "failures": 0,
    "start": "2024-10-18T21:00:04.647Z",
    "end": "2024-10-18T21:01:54.475Z",
    "duration": 109828,
    "testsRegistered": 2,
    "passPercent": 100,
    "pendingPercent": 0,
    "other": 0,
    "hasOther": false,
    "skipped": 0,
    "hasSkipped": false
  },
  "results": [
    {
      "uuid": "beeeb950-8a11-41c9-aee8-6c4b8a98b12b",
      "title": "",
      "fullFile": "cypress\\TestMochaAccounts\\mochauserRegistration.specs.js",
      "file": "cypress\\TestMochaAccounts\\mochauserRegistration.specs.js",
      "beforeHooks": [],
      "afterHooks": [],
      "tests": [],
      "suites": [
        {
          "uuid": "ab984270-420f-437b-b4b5-5e6dfd8c900c",
          "title": "Mocha User registration",
          "fullFile": "",
          "file": "",
          "beforeHooks": [],
          "afterHooks": [],
          "tests": [
            {
              "title": "Register successfully done",
              "fullTitle": "Mocha User registration Register successfully done",
              "timedOut": null,
              "duration": 86315,
              "state": "passed",
              "speed": "slow",
              "pass": true,
              "fail": false,
              "pending": false,
              "context": "{\n  \"title\": \"cypress-mochawesome-reporter-videos-passed\",\n  \"value\": \"cypress\\\\TestMochaAccounts\\\\mochauserRegistration.specs.js\"\n}",
              "code": "cy.visit('');\nuserreg.registerclick().click();\nuserreg.fullname().type(fullname);\nuserreg.emailaddress().type(emailRandom);\nconsole.log(emailRandom);\nuserreg.phone_number().type(cell_phone);\nuserreg.companyName().type(company);\ncy.wait(500);\nuserreg.password().type(\"Test@1234\");\nuserreg.confirmPassword().type(\"Test@1234\");\nuserreg.AcceptTC().click();\ncy.wait(10000);\nuserreg.signup().click();\ncy.wait(30000);\nuserreg.successfulregistration().should('be.visible');\ncy.wait(30000);",
              "err": {},
              "uuid": "86a78f1b-99db-4909-982e-208cbea63817",
              "parentUUID": "ab984270-420f-437b-b4b5-5e6dfd8c900c",
              "isHook": false,
              "skipped": false
            },
            {
              "title": "Account Activation Email",
              "fullTitle": "Mocha User registration Account Activation Email",
              "timedOut": null,
              "duration": 23426,
              "state": "passed",
              "speed": "slow",
              "pass": true,
              "fail": false,
              "pending": false,
              "context": "{\n  \"title\": \"cypress-mochawesome-reporter-videos-passed\",\n  \"value\": \"cypress\\\\TestMochaAccounts\\\\mochauserRegistration.specs.js\"\n}",
              "code": "const serverId = 'vmsjdi6i';\nconsole.log(emailRandom);\ncy.mailosaurSearchMessages(serverId, {\n  sentTo: emailRandom\n}).then(email => {\n  console.log(email.items[0]);\n  expect(email.items[0].from[0].email).to.contain(\"@mochatechnologies.com\");\n  expect(email.items[0].from[0].email).to.contain(\"sales\");\n  expect(email.items[0].to[0].email).to.contain(emailRandom);\n  expect(email.items[0].subject).to.contain('Verify your email for Mocha Accounting!');\n  console.log(\"Test Pass\");\n  cy.mailosaurGetMessageById(email.items[0].id).then(emailbody => {\n    console.log(emailbody);\n    var accountactlink = emailbody.html.links[1].href;\n    console.log(accountactlink);\n    cy.visit(accountactlink);\n    cy.wait(20000);\n    cy.log('User registered  successfully');\n  });\n});",
              "err": {},
              "uuid": "632bccd2-34a3-4a96-b427-3a3bd07c6b27",
              "parentUUID": "ab984270-420f-437b-b4b5-5e6dfd8c900c",
              "isHook": false,
              "skipped": false
            }
          ],
          "suites": [],
          "passes": [
            "86a78f1b-99db-4909-982e-208cbea63817",
            "632bccd2-34a3-4a96-b427-3a3bd07c6b27"
          ],
          "failures": [],
          "pending": [],
          "skipped": [],
          "duration": 109741,
          "root": false,
          "rootEmpty": false,
          "_timeout": 2000
        }
      ],
      "passes": [],
      "failures": [],
      "pending": [],
      "skipped": [],
      "duration": 0,
      "root": true,
      "rootEmpty": true,
      "_timeout": 2000
    }
  ],
  "meta": {
    "mocha": {
      "version": "7.0.1"
    },
    "mochawesome": {
      "options": {
        "quiet": false,
        "reportFilename": "mochawesome",
        "saveHtml": false,
        "saveJson": true,
        "consoleReporter": "spec",
        "useInlineDiffs": false,
        "code": true
      },
      "version": "7.1.3"
    },
    "marge": {
      "options": {
        "reportDir": "cypress/results",
        "embeddedScreenshots": true,
        "overwrite": false,
        "html": false,
        "json": true
      },
      "version": "6.2.0"
    }
  }
}